0 verbose cli C:\Program Files\nodejs\node.exe C:\Users\Hamza tabani\AppData\Roaming\npm\node_modules\npm\bin\npm-cli.js
1 info using npm@10.8.2
2 info using node@v20.16.0
3 silly config load:file:C:\Users\Hamza tabani\AppData\Roaming\npm\node_modules\npm\npmrc
4 silly config load:file:D:\FattanisSupermarket\.npmrc
5 silly config load:file:C:\Users\Hamza tabani\.npmrc
6 silly config load:file:C:\Users\Hamza tabani\AppData\Roaming\npm\etc\npmrc
7 verbose title npm start
8 verbose argv "start" "--cache" "clean"
9 verbose logfile logs-max:10 dir:D:\FattanisSupermarket\clean\_logs\2025-10-15T22_25_20_411Z-
10 verbose logfile D:\FattanisSupermarket\clean\_logs\2025-10-15T22_25_20_411Z-debug-0.log
11 silly logfile done cleaning log files
12 http fetch GET 200 https://registry.npmjs.org/npm 599ms
13 verbose cwd D:\FattanisSupermarket
14 verbose os Windows_NT 10.0.19045
15 verbose node v20.16.0
16 verbose npm  v10.8.2
17 notice
17 notice New [31mmajor[39m version of npm available! [31m10.8.2[39m -> [34m11.6.2[39m
17 notice Changelog: [34mhttps://github.com/npm/cli/releases/tag/v11.6.2[39m
17 notice To update run: [4mnpm install -g npm@11.6.2[24m
17 notice  { force: true, [Symbol(proc-log.meta)]: true }
18 verbose exit 0
19 info ok
